# JRE version: OpenJDK Runtime Environment Microsoft-8035246 (17.0.8+7) (build 17.0.8+7-LTS)
# Java VM: OpenJDK 64-Bit Server VM Microsoft-8035246 (17.0.8+7-LTS, mixed mode, sharing, tiered, compressed oops, compressed class ptrs, g1 gc, windows-amd64)
GC Precious Log:
 CPUs: 4 total, 4 available
 Memory: 3979M
 Large Page Support: Disabled
 NUMA Support: Disabled
 Compressed Oops: Enabled (32-bit)
 Heap Region Size: 1M
 Heap Min Capacity: 8M
 Heap Initial Capacity: 64M
 Heap Max Capacity: 2G
 Pre-touch: Disabled
 Parallel Workers: 4
 Concurrent Workers: 1
 Concurrent Refinement Workers: 4
 Periodic GC: Disabled
Heap:
 garbage-first heap   total 343040K, used 225115K [0x0000000080000000, 0x0000000100000000)
  region size 1024K, 36 young (36864K), 2 survivors (2048K)
 Metaspace       used 106681K, committed 107840K, reserved 557056K
  class space    used 14729K, committed 15296K, reserved 425984K
GC Heap History (20 events):
Event: 72.957 GC heap before
{Heap before GC invocations=52 (full 0):
 garbage-first heap   total 335872K, used 110927K [0x0000000080000000, 0x0000000100000000)
  region size 1024K, 16 young (16384K), 13 survivors (13312K)
 Metaspace       used 92071K, committed 92992K, reserved 557056K
  class space    used 12890K, committed 13312K, reserved 425984K
}
Event: 72.977 GC heap after
{Heap after GC invocations=53 (full 0):
 garbage-first heap   total 335872K, used 108712K [0x0000000080000000, 0x0000000100000000)
  region size 1024K, 2 young (2048K), 2 survivors (2048K)
 Metaspace       used 92071K, committed 92992K, reserved 557056K
  class space    used 12890K, committed 13312K, reserved 425984K
}
Event: 81.094 GC heap before
{Heap before GC invocations=53 (full 0):
 garbage-first heap   total 335872K, used 272552K [0x0000000080000000, 0x0000000100000000)
  region size 1024K, 155 young (158720K), 2 survivors (2048K)
 Metaspace       used 96974K, committed 97984K, reserved 557056K
  class space    used 13466K, committed 13952K, reserved 425984K
}
Event: 81.133 GC heap after
{Heap after GC invocations=54 (full 0):
 garbage-first heap   total 335872K, used 145355K [0x0000000080000000, 0x0000000100000000)
  region size 1024K, 20 young (20480K), 20 survivors (20480K)
 Metaspace       used 96974K, committed 97984K, reserved 557056K
  class space    used 13466K, committed 13952K, reserved 425984K
}
Event: 81.304 GC heap before
{Heap before GC invocations=54 (full 0):
 garbage-first heap   total 335872K, used 152523K [0x0000000080000000, 0x0000000100000000)
  region size 1024K, 28 young (28672K), 20 survivors (20480K)
 Metaspace       used 97023K, committed 98048K, reserved 557056K
  class space    used 13473K, committed 13952K, reserved 425984K
}
Event: 81.342 GC heap after
{Heap after GC invocations=55 (full 0):
 garbage-first heap   total 335872K, used 148932K [0x0000000080000000, 0x0000000100000000)
  region size 1024K, 3 young (3072K), 3 survivors (3072K)
 Metaspace       used 97023K, committed 98048K, reserved 557056K
  class space    used 13473K, committed 13952K, reserved 425984K
}
Event: 86.356 GC heap before
{Heap before GC invocations=56 (full 0):
 garbage-first heap   total 335872K, used 267716K [0x0000000080000000, 0x0000000100000000)
  region size 1024K, 117 young (119808K), 3 survivors (3072K)
 Metaspace       used 102926K, committed 104064K, reserved 557056K
  class space    used 14306K, committed 14848K, reserved 425984K
}
Event: 86.381 GC heap after
{Heap after GC invocations=57 (full 0):
 garbage-first heap   total 335872K, used 163468K [0x0000000080000000, 0x0000000100000000)
  region size 1024K, 15 young (15360K), 15 survivors (15360K)
 Metaspace       used 102926K, committed 104064K, reserved 557056K
  class space    used 14306K, committed 14848K, reserved 425984K
}
Event: 86.429 GC heap before
{Heap before GC invocations=57 (full 0):
 garbage-first heap   total 335872K, used 164492K [0x0000000080000000, 0x0000000100000000)
  region size 1024K, 16 young (16384K), 15 survivors (15360K)
 Metaspace       used 102928K, committed 104064K, reserved 557056K
  class space    used 14306K, committed 14848K, reserved 425984K
}
Event: 86.456 GC heap after
{Heap after GC invocations=58 (full 0):
 garbage-first heap   total 335872K, used 164193K [0x0000000080000000, 0x0000000100000000)
  region size 1024K, 2 young (2048K), 2 survivors (2048K)
 Metaspace       used 102928K, committed 104064K, reserved 557056K
  class space    used 14306K, committed 14848K, reserved 425984K
}
Event: 88.296 GC heap before
{Heap before GC invocations=58 (full 0):
 garbage-first heap   total 335872K, used 268641K [0x0000000080000000, 0x0000000100000000)
  region size 1024K, 104 young (106496K), 2 survivors (2048K)
 Metaspace       used 104888K, committed 106048K, reserved 557056K
  class space    used 14534K, committed 15104K, reserved 425984K
}
Event: 88.321 GC heap after
{Heap after GC invocations=59 (full 0):
 garbage-first heap   total 335872K, used 173696K [0x0000000080000000, 0x0000000100000000)
  region size 1024K, 12 young (12288K), 12 survivors (12288K)
 Metaspace       used 104888K, committed 106048K, reserved 557056K
  class space    used 14534K, committed 15104K, reserved 425984K
}
Event: 90.297 GC heap before
{Heap before GC invocations=59 (full 0):
 garbage-first heap   total 335872K, used 268928K [0x0000000080000000, 0x0000000100000000)
  region size 1024K, 106 young (108544K), 12 survivors (12288K)
 Metaspace       used 106172K, committed 107328K, reserved 557056K
  class space    used 14675K, committed 15232K, reserved 425984K
}
Event: 90.327 GC heap after
{Heap after GC invocations=60 (full 0):
 garbage-first heap   total 335872K, used 183014K [0x0000000080000000, 0x0000000100000000)
  region size 1024K, 9 young (9216K), 9 survivors (9216K)
 Metaspace       used 106172K, committed 107328K, reserved 557056K
  class space    used 14675K, committed 15232K, reserved 425984K
}
Event: 91.786 GC heap before
{Heap before GC invocations=60 (full 0):
 garbage-first heap   total 335872K, used 273126K [0x0000000080000000, 0x0000000100000000)
  region size 1024K, 98 young (100352K), 9 survivors (9216K)
 Metaspace       used 106647K, committed 107840K, reserved 557056K
  class space    used 14729K, committed 15296K, reserved 425984K
}
Event: 91.807 GC heap after
{Heap after GC invocations=61 (full 0):
 garbage-first heap   total 335872K, used 189334K [0x0000000080000000, 0x0000000100000000)
  region size 1024K, 8 young (8192K), 8 survivors (8192K)
 Metaspace       used 106647K, committed 107840K, reserved 557056K
  class space    used 14729K, committed 15296K, reserved 425984K
}
Event: 93.532 GC heap before
{Heap before GC invocations=62 (full 0):
 garbage-first heap   total 343040K, used 279446K [0x0000000080000000, 0x0000000100000000)
  region size 1024K, 93 young (95232K), 8 survivors (8192K)
 Metaspace       used 106653K, committed 107840K, reserved 557056K
  class space    used 14729K, committed 15296K, reserved 425984K
}
Event: 93.551 GC heap after
{Heap after GC invocations=63 (full 0):
 garbage-first heap   total 343040K, used 194276K [0x0000000080000000, 0x0000000100000000)
  region size 1024K, 8 young (8192K), 8 survivors (8192K)
 Metaspace       used 106653K, committed 107840K, reserved 557056K
  class space    used 14729K, committed 15296K, reserved 425984K
}
Event: 93.608 GC heap before
{Heap before GC invocations=63 (full 0):
 garbage-first heap   total 343040K, used 202468K [0x0000000080000000, 0x0000000100000000)
  region size 1024K, 16 young (16384K), 8 survivors (8192K)
 Metaspace       used 106653K, committed 107840K, reserved 557056K
  class space    used 14729K, committed 15296K, reserved 425984K
}
Event: 93.620 GC heap after
{Heap after GC invocations=64 (full 0):
 garbage-first heap   total 343040K, used 192347K [0x0000000080000000, 0x0000000100000000)
  region size 1024K, 2 young (2048K), 2 survivors (2048K)
 Metaspace       used 106653K, committed 107840K, reserved 557056K
  class space    used 14729K, committed 15296K, reserved 425984K
}

